<?xml version="1.0" encoding="UTF-8"?>
<testsuite name="jobshop.encodings.EncodingTests" tests="1" skipped="0" failures="0" errors="0" timestamp="2020-05-22T15:54:16" hostname="CHARAN" time="0.103">
  <properties/>
  <testcase name="testJobNumbers" classname="jobshop.encodings.EncodingTests" time="0.103"/>
  <system-out><![CDATA[jobshop.Schedule@73de84db
]]></system-out>
  <system-err><![CDATA[]]></system-err>
</testsuite>
